e:\vs文件\math\math\debug\math.pch
e:\vs文件\math\math\debug\vc120.pdb
e:\vs文件\math\math\debug\vc120.idb
e:\vs文件\math\math\debug\stdafx.obj
e:\vs文件\math\math\debug\ex_dlg.obj
e:\vs文件\math\math\debug\ex_grade.obj
e:\vs文件\math\math\debug\math.obj
e:\vs文件\math\math\debug\mathdlg.obj
e:\vs文件\math\debug\math.ilk
e:\vs文件\math\debug\math.exe
e:\vs文件\math\debug\math.pdb
e:\vs文件\math\math\debug\math.res
e:\vs文件\math\math\debug\math.tlog\cl.command.1.tlog
e:\vs文件\math\math\debug\math.tlog\cl.read.1.tlog
e:\vs文件\math\math\debug\math.tlog\cl.write.1.tlog
e:\vs文件\math\math\debug\math.tlog\link.command.1.tlog
e:\vs文件\math\math\debug\math.tlog\link.read.1.tlog
e:\vs文件\math\math\debug\math.tlog\link.write.1.tlog
e:\vs文件\math\math\debug\math.tlog\rc.command.1.tlog
e:\vs文件\math\math\debug\math.tlog\rc.read.1.tlog
e:\vs文件\math\math\debug\math.tlog\rc.write.1.tlog
